2022-09-30 12:15:26.700  INFO 19276 --- [restartedMain] c.e.bookstore.BookStoreApplication       : Starting BookStoreApplication using Java 17.0.4.1 on DESKTOP-CUO7CEV with PID 19276 (C:\Users\hp\IdeaProjects\BookStore\target\classes started by hp in C:\Users\hp\IdeaProjects\BookStore)
2022-09-30 12:15:26.707  INFO 19276 --- [restartedMain] c.e.bookstore.BookStoreApplication       : The following 1 profile is active: "dev"
2022-09-30 12:15:26.781  INFO 19276 --- [restartedMain] .e.DevToolsPropertyDefaultsPostProcessor : Devtools property defaults active! Set 'spring.devtools.add-properties' to 'false' to disable
2022-09-30 12:15:26.782  INFO 19276 --- [restartedMain] .e.DevToolsPropertyDefaultsPostProcessor : For additional web related logging consider setting the 'logging.level.web' property to 'DEBUG'
2022-09-30 12:15:27.603  INFO 19276 --- [restartedMain] .s.d.r.c.RepositoryConfigurationDelegate : Bootstrapping Spring Data JPA repositories in DEFAULT mode.
2022-09-30 12:15:27.671  INFO 19276 --- [restartedMain] .s.d.r.c.RepositoryConfigurationDelegate : Finished Spring Data repository scanning in 59 ms. Found 4 JPA repository interfaces.
2022-09-30 12:15:28.235  INFO 19276 --- [restartedMain] o.s.b.w.embedded.tomcat.TomcatWebServer  : Tomcat initialized with port(s): 8080 (http)
2022-09-30 12:15:28.243  INFO 19276 --- [restartedMain] o.apache.catalina.core.StandardService   : Starting service [Tomcat]
2022-09-30 12:15:28.244  INFO 19276 --- [restartedMain] org.apache.catalina.core.StandardEngine  : Starting Servlet engine: [Apache Tomcat/9.0.65]
2022-09-30 12:15:28.307  INFO 19276 --- [restartedMain] o.a.c.c.C.[Tomcat].[localhost].[/]       : Initializing Spring embedded WebApplicationContext
2022-09-30 12:15:28.308  INFO 19276 --- [restartedMain] w.s.c.ServletWebServerApplicationContext : Root WebApplicationContext: initialization completed in 1525 ms
2022-09-30 12:15:28.427  INFO 19276 --- [restartedMain] o.hibernate.jpa.internal.util.LogHelper  : HHH000204: Processing PersistenceUnitInfo [name: default]
2022-09-30 12:15:28.496  INFO 19276 --- [restartedMain] org.hibernate.Version                    : HHH000412: Hibernate ORM core version 5.6.10.Final
2022-09-30 12:15:28.671  INFO 19276 --- [restartedMain] o.hibernate.annotations.common.Version   : HCANN000001: Hibernate Commons Annotations {5.1.2.Final}
2022-09-30 12:15:28.773  INFO 19276 --- [restartedMain] com.zaxxer.hikari.HikariDataSource       : HikariPool-1 - Starting...
2022-09-30 12:15:29.198  INFO 19276 --- [restartedMain] com.zaxxer.hikari.HikariDataSource       : HikariPool-1 - Start completed.
2022-09-30 12:15:29.241  INFO 19276 --- [restartedMain] org.hibernate.dialect.Dialect            : HHH000400: Using dialect: org.hibernate.dialect.MySQL8Dialect
2022-09-30 12:15:29.951  INFO 19276 --- [restartedMain] o.h.e.t.j.p.i.JtaPlatformInitiator       : HHH000490: Using JtaPlatform implementation: [org.hibernate.engine.transaction.jta.platform.internal.NoJtaPlatform]
2022-09-30 12:15:29.957  INFO 19276 --- [restartedMain] j.LocalContainerEntityManagerFactoryBean : Initialized JPA EntityManagerFactory for persistence unit 'default'
2022-09-30 12:15:30.317  WARN 19276 --- [restartedMain] JpaBaseConfiguration$JpaWebConfiguration : spring.jpa.open-in-view is enabled by default. Therefore, database queries may be performed during view rendering. Explicitly configure spring.jpa.open-in-view to disable this warning
2022-09-30 12:15:30.547  WARN 19276 --- [restartedMain] ion$DefaultTemplateResolverConfiguration : Cannot find template location: classpath:/templates/ (please add some templates or check your Thymeleaf configuration)
2022-09-30 12:15:30.634  INFO 19276 --- [restartedMain] o.s.b.d.a.OptionalLiveReloadServer       : LiveReload server is running on port 35729
2022-09-30 12:15:30.669  INFO 19276 --- [restartedMain] o.s.b.w.embedded.tomcat.TomcatWebServer  : Tomcat started on port(s): 8080 (http) with context path ''
2022-09-30 12:15:30.680  INFO 19276 --- [restartedMain] c.e.bookstore.BookStoreApplication       : Started BookStoreApplication in 4.371 seconds (JVM running for 5.174)
2022-09-30 12:15:30.684  INFO 19276 --- [restartedMain] c.e.bookstore.BookStoreApplication       : !!!.............Hello Logger...........!!!
2022-09-30 12:15:42.787  INFO 19276 --- [SpringApplicationShutdownHook] j.LocalContainerEntityManagerFactoryBean : Closing JPA EntityManagerFactory for persistence unit 'default'
2022-09-30 12:15:42.789  INFO 19276 --- [SpringApplicationShutdownHook] com.zaxxer.hikari.HikariDataSource       : HikariPool-1 - Shutdown initiated...
2022-09-30 12:15:42.802  INFO 19276 --- [SpringApplicationShutdownHook] com.zaxxer.hikari.HikariDataSource       : HikariPool-1 - Shutdown completed.
2022-09-30 12:22:15.897  INFO 10272 --- [restartedMain] c.e.bookstore.BookStoreApplication       : Starting BookStoreApplication using Java 17.0.4.1 on DESKTOP-CUO7CEV with PID 10272 (C:\Users\hp\IdeaProjects\BookStore\target\classes started by hp in C:\Users\hp\IdeaProjects\BookStore)
2022-09-30 12:22:15.900  INFO 10272 --- [restartedMain] c.e.bookstore.BookStoreApplication       : The following 1 profile is active: "dev"
2022-09-30 12:22:15.957  INFO 10272 --- [restartedMain] .e.DevToolsPropertyDefaultsPostProcessor : Devtools property defaults active! Set 'spring.devtools.add-properties' to 'false' to disable
2022-09-30 12:22:15.958  INFO 10272 --- [restartedMain] .e.DevToolsPropertyDefaultsPostProcessor : For additional web related logging consider setting the 'logging.level.web' property to 'DEBUG'
2022-09-30 12:22:16.599  INFO 10272 --- [restartedMain] .s.d.r.c.RepositoryConfigurationDelegate : Bootstrapping Spring Data JPA repositories in DEFAULT mode.
2022-09-30 12:22:16.650  INFO 10272 --- [restartedMain] .s.d.r.c.RepositoryConfigurationDelegate : Finished Spring Data repository scanning in 42 ms. Found 4 JPA repository interfaces.
2022-09-30 12:22:17.144  INFO 10272 --- [restartedMain] o.s.b.w.embedded.tomcat.TomcatWebServer  : Tomcat initialized with port(s): 8080 (http)
2022-09-30 12:22:17.150  INFO 10272 --- [restartedMain] o.apache.catalina.core.StandardService   : Starting service [Tomcat]
2022-09-30 12:22:17.150  INFO 10272 --- [restartedMain] org.apache.catalina.core.StandardEngine  : Starting Servlet engine: [Apache Tomcat/9.0.65]
2022-09-30 12:22:17.203  INFO 10272 --- [restartedMain] o.a.c.c.C.[Tomcat].[localhost].[/]       : Initializing Spring embedded WebApplicationContext
2022-09-30 12:22:17.204  INFO 10272 --- [restartedMain] w.s.c.ServletWebServerApplicationContext : Root WebApplicationContext: initialization completed in 1245 ms
2022-09-30 12:22:17.306  INFO 10272 --- [restartedMain] o.hibernate.jpa.internal.util.LogHelper  : HHH000204: Processing PersistenceUnitInfo [name: default]
2022-09-30 12:22:17.338  INFO 10272 --- [restartedMain] org.hibernate.Version                    : HHH000412: Hibernate ORM core version 5.6.10.Final
2022-09-30 12:22:17.467  INFO 10272 --- [restartedMain] o.hibernate.annotations.common.Version   : HCANN000001: Hibernate Commons Annotations {5.1.2.Final}
2022-09-30 12:22:17.540  INFO 10272 --- [restartedMain] com.zaxxer.hikari.HikariDataSource       : HikariPool-1 - Starting...
2022-09-30 12:22:17.800  INFO 10272 --- [restartedMain] com.zaxxer.hikari.HikariDataSource       : HikariPool-1 - Start completed.
2022-09-30 12:22:17.822  INFO 10272 --- [restartedMain] org.hibernate.dialect.Dialect            : HHH000400: Using dialect: org.hibernate.dialect.MySQL8Dialect
2022-09-30 12:22:18.487  INFO 10272 --- [restartedMain] o.h.e.t.j.p.i.JtaPlatformInitiator       : HHH000490: Using JtaPlatform implementation: [org.hibernate.engine.transaction.jta.platform.internal.NoJtaPlatform]
2022-09-30 12:22:18.494  INFO 10272 --- [restartedMain] j.LocalContainerEntityManagerFactoryBean : Initialized JPA EntityManagerFactory for persistence unit 'default'
2022-09-30 12:22:18.864  WARN 10272 --- [restartedMain] JpaBaseConfiguration$JpaWebConfiguration : spring.jpa.open-in-view is enabled by default. Therefore, database queries may be performed during view rendering. Explicitly configure spring.jpa.open-in-view to disable this warning
2022-09-30 12:22:19.110  WARN 10272 --- [restartedMain] ion$DefaultTemplateResolverConfiguration : Cannot find template location: classpath:/templates/ (please add some templates or check your Thymeleaf configuration)
2022-09-30 12:22:19.193  INFO 10272 --- [restartedMain] o.s.b.d.a.OptionalLiveReloadServer       : LiveReload server is running on port 35729
2022-09-30 12:22:19.232  INFO 10272 --- [restartedMain] o.s.b.w.embedded.tomcat.TomcatWebServer  : Tomcat started on port(s): 8080 (http) with context path ''
2022-09-30 12:22:19.242  INFO 10272 --- [restartedMain] c.e.bookstore.BookStoreApplication       : Started BookStoreApplication in 3.693 seconds (JVM running for 4.391)
2022-09-30 12:22:19.246  INFO 10272 --- [restartedMain] c.e.bookstore.BookStoreApplication       : !!!.............Hello Logger...........!!!
2022-09-30 12:22:24.560  INFO 10272 --- [SpringApplicationShutdownHook] j.LocalContainerEntityManagerFactoryBean : Closing JPA EntityManagerFactory for persistence unit 'default'
2022-09-30 12:22:24.564  INFO 10272 --- [SpringApplicationShutdownHook] com.zaxxer.hikari.HikariDataSource       : HikariPool-1 - Shutdown initiated...
2022-09-30 12:22:24.571  INFO 10272 --- [SpringApplicationShutdownHook] com.zaxxer.hikari.HikariDataSource       : HikariPool-1 - Shutdown completed.
2022-09-30 12:53:52.214  INFO 8068 --- [restartedMain] c.e.bookstore.BookStoreApplication       : Starting BookStoreApplication using Java 17.0.4.1 on DESKTOP-CUO7CEV with PID 8068 (C:\Users\hp\IdeaProjects\BookStore\target\classes started by hp in C:\Users\hp\IdeaProjects\BookStore)
2022-09-30 12:53:52.216  INFO 8068 --- [restartedMain] c.e.bookstore.BookStoreApplication       : The following 1 profile is active: "dev"
2022-09-30 12:53:52.265  INFO 8068 --- [restartedMain] .e.DevToolsPropertyDefaultsPostProcessor : Devtools property defaults active! Set 'spring.devtools.add-properties' to 'false' to disable
2022-09-30 12:53:52.265  INFO 8068 --- [restartedMain] .e.DevToolsPropertyDefaultsPostProcessor : For additional web related logging consider setting the 'logging.level.web' property to 'DEBUG'
2022-09-30 12:53:53.125  INFO 8068 --- [restartedMain] .s.d.r.c.RepositoryConfigurationDelegate : Bootstrapping Spring Data JPA repositories in DEFAULT mode.
2022-09-30 12:53:53.173  INFO 8068 --- [restartedMain] .s.d.r.c.RepositoryConfigurationDelegate : Finished Spring Data repository scanning in 40 ms. Found 4 JPA repository interfaces.
2022-09-30 12:53:53.650  INFO 8068 --- [restartedMain] o.s.b.w.embedded.tomcat.TomcatWebServer  : Tomcat initialized with port(s): 8080 (http)
2022-09-30 12:53:53.657  INFO 8068 --- [restartedMain] o.apache.catalina.core.StandardService   : Starting service [Tomcat]
2022-09-30 12:53:53.657  INFO 8068 --- [restartedMain] org.apache.catalina.core.StandardEngine  : Starting Servlet engine: [Apache Tomcat/9.0.65]
2022-09-30 12:53:53.715  INFO 8068 --- [restartedMain] o.a.c.c.C.[Tomcat].[localhost].[/]       : Initializing Spring embedded WebApplicationContext
2022-09-30 12:53:53.715  INFO 8068 --- [restartedMain] w.s.c.ServletWebServerApplicationContext : Root WebApplicationContext: initialization completed in 1449 ms
2022-09-30 12:53:53.828  INFO 8068 --- [restartedMain] o.hibernate.jpa.internal.util.LogHelper  : HHH000204: Processing PersistenceUnitInfo [name: default]
2022-09-30 12:53:53.863  INFO 8068 --- [restartedMain] org.hibernate.Version                    : HHH000412: Hibernate ORM core version 5.6.10.Final
2022-09-30 12:53:53.994  INFO 8068 --- [restartedMain] o.hibernate.annotations.common.Version   : HCANN000001: Hibernate Commons Annotations {5.1.2.Final}
2022-09-30 12:53:54.061  INFO 8068 --- [restartedMain] com.zaxxer.hikari.HikariDataSource       : HikariPool-1 - Starting...
2022-09-30 12:53:54.308  INFO 8068 --- [restartedMain] com.zaxxer.hikari.HikariDataSource       : HikariPool-1 - Start completed.
2022-09-30 12:53:54.330  INFO 8068 --- [restartedMain] org.hibernate.dialect.Dialect            : HHH000400: Using dialect: org.hibernate.dialect.MySQL8Dialect
2022-09-30 12:53:54.929  INFO 8068 --- [restartedMain] o.h.e.t.j.p.i.JtaPlatformInitiator       : HHH000490: Using JtaPlatform implementation: [org.hibernate.engine.transaction.jta.platform.internal.NoJtaPlatform]
2022-09-30 12:53:54.935  INFO 8068 --- [restartedMain] j.LocalContainerEntityManagerFactoryBean : Initialized JPA EntityManagerFactory for persistence unit 'default'
2022-09-30 12:53:55.267  WARN 8068 --- [restartedMain] JpaBaseConfiguration$JpaWebConfiguration : spring.jpa.open-in-view is enabled by default. Therefore, database queries may be performed during view rendering. Explicitly configure spring.jpa.open-in-view to disable this warning
2022-09-30 12:53:55.472  WARN 8068 --- [restartedMain] ion$DefaultTemplateResolverConfiguration : Cannot find template location: classpath:/templates/ (please add some templates or check your Thymeleaf configuration)
2022-09-30 12:53:55.550  INFO 8068 --- [restartedMain] o.s.b.d.a.OptionalLiveReloadServer       : LiveReload server is running on port 35729
2022-09-30 12:53:55.583  INFO 8068 --- [restartedMain] o.s.b.w.embedded.tomcat.TomcatWebServer  : Tomcat started on port(s): 8080 (http) with context path ''
2022-09-30 12:53:55.593  INFO 8068 --- [restartedMain] c.e.bookstore.BookStoreApplication       : Started BookStoreApplication in 3.716 seconds (JVM running for 4.398)
2022-09-30 12:53:55.596  INFO 8068 --- [restartedMain] c.e.bookstore.BookStoreApplication       : !!!.............Hello Logger...........!!!
2022-09-30 12:54:07.780  INFO 8068 --- [SpringApplicationShutdownHook] j.LocalContainerEntityManagerFactoryBean : Closing JPA EntityManagerFactory for persistence unit 'default'
2022-09-30 12:54:07.783  INFO 8068 --- [SpringApplicationShutdownHook] com.zaxxer.hikari.HikariDataSource       : HikariPool-1 - Shutdown initiated...
2022-09-30 12:54:07.789  INFO 8068 --- [SpringApplicationShutdownHook] com.zaxxer.hikari.HikariDataSource       : HikariPool-1 - Shutdown completed.
